0 info it worked if it ends with ok
1 verbose cli [ 'node', '/usr/local/bin/npm', 'install', 'typescript', '-g' ]
2 info using npm@1.2.0
3 info using node@v0.8.17
4 verbose read json /usr/local/lib/package.json
5 verbose read json /usr/local/lib/package.json
6 verbose cache add [ 'typescript', null ]
7 silly cache add name=undefined spec="typescript" args=["typescript",null]
8 verbose parsed url { pathname: 'typescript',
8 verbose parsed url   path: 'typescript',
8 verbose parsed url   href: 'typescript' }
9 silly lockFile fb9da861-typescript typescript
10 verbose lock typescript /Users/stimms/.npm/fb9da861-typescript.lock
11 silly lockFile fb9da861-typescript typescript
12 verbose addNamed [ 'typescript', '' ]
13 verbose addNamed [ null, '' ]
14 silly lockFile b598c0ef-typescript typescript@
15 verbose lock typescript@ /Users/stimms/.npm/b598c0ef-typescript.lock
16 silly addNameRange { name: 'typescript', range: '', hasData: false }
17 verbose url raw typescript
18 verbose url resolving [ 'https://registry.npmjs.org/', './typescript' ]
19 verbose url resolved https://registry.npmjs.org/typescript
20 info trying registry request attempt 1 at 19:41:51
21 verbose etag "9W4HBOT2Z6XSTC81D90AOAJ9G"
22 http GET https://registry.npmjs.org/typescript
23 http 200 https://registry.npmjs.org/typescript
24 silly registry.get cb [ 200,
24 silly registry.get   { vary: 'Accept',
24 silly registry.get     server: 'CouchDB/1.3.0 (Erlang OTP/R15B03)',
24 silly registry.get     etag: '"59VB1SVUC4WV28CVT5W2M68D3"',
24 silly registry.get     date: 'Thu, 20 Jun 2013 01:41:56 GMT',
24 silly registry.get     'content-type': 'application/json',
24 silly registry.get     'content-length': '9605' } ]
25 silly addNameRange number 2 { name: 'typescript', range: '', hasData: true }
26 silly addNameRange versions [ 'typescript',
26 silly addNameRange   [ '0.8.0', '0.8.1', '0.8.1-1', '0.8.2', '0.8.3', '0.9.0' ] ]
27 verbose addNamed [ 'typescript', '0.9.0' ]
28 verbose addNamed [ '0.9.0', '0.9.0' ]
29 silly lockFile cfbf6304-typescript-0-9-0 typescript@0.9.0
30 verbose lock typescript@0.9.0 /Users/stimms/.npm/cfbf6304-typescript-0-9-0.lock
31 silly lockFile b9c0ab15--typescript-typescript-0-9-0-tgz https://registry.npmjs.org/typescript/-/typescript-0.9.0.tgz
32 verbose lock https://registry.npmjs.org/typescript/-/typescript-0.9.0.tgz /Users/stimms/.npm/b9c0ab15--typescript-typescript-0-9-0-tgz.lock
33 verbose addRemoteTarball [ 'https://registry.npmjs.org/typescript/-/typescript-0.9.0.tgz',
33 verbose addRemoteTarball   'a01a5e6fdd643c7639fe3145907e0d5365665eab' ]
34 info retry fetch attempt 1 at 19:42:00
35 verbose fetch to= /var/folders/q1/h16prn1525l3hzgyxqx9nwt00000gn/T/npm-39465/1371692520050-0.6555955393705517/tmp.tgz
36 http GET https://registry.npmjs.org/typescript/-/typescript-0.9.0.tgz
37 http 200 https://registry.npmjs.org/typescript/-/typescript-0.9.0.tgz
38 silly shasum updated bytes 40960
39 silly shasum updated bytes 40960
40 silly shasum updated bytes 40960
41 silly shasum updated bytes 40960
42 silly shasum updated bytes 40960
43 silly shasum updated bytes 40960
44 silly shasum updated bytes 40960
45 silly shasum updated bytes 40960
46 silly shasum updated bytes 40960
47 silly shasum updated bytes 40960
48 silly shasum updated bytes 40960
49 silly shasum updated bytes 40960
50 silly shasum updated bytes 40960
51 silly shasum updated bytes 40960
52 silly shasum updated bytes 40960
53 silly shasum updated bytes 5863
54 info shasum a01a5e6fdd643c7639fe3145907e0d5365665eab
54 info shasum /var/folders/q1/h16prn1525l3hzgyxqx9nwt00000gn/T/npm-39465/1371692520050-0.6555955393705517/tmp.tgz
55 verbose tar unpack /var/folders/q1/h16prn1525l3hzgyxqx9nwt00000gn/T/npm-39465/1371692520050-0.6555955393705517/tmp.tgz
56 silly lockFile 37bef018-20050-0-6555955393705517-package /var/folders/q1/h16prn1525l3hzgyxqx9nwt00000gn/T/npm-39465/1371692520050-0.6555955393705517/package
57 verbose lock /var/folders/q1/h16prn1525l3hzgyxqx9nwt00000gn/T/npm-39465/1371692520050-0.6555955393705517/package /Users/stimms/.npm/37bef018-20050-0-6555955393705517-package.lock
58 silly gunzTarPerm modes [ '755', '644' ]
59 silly gunzTarPerm extractEntry package.json
60 silly gunzTarPerm modified mode [ 'package.json', 438, 420 ]
61 silly gunzTarPerm extractEntry .npmignore
62 silly gunzTarPerm modified mode [ '.npmignore', 438, 420 ]
63 silly gunzTarPerm extractEntry bin/tsc.js
64 silly gunzTarPerm modified mode [ 'bin/tsc.js', 438, 420 ]
65 silly gunzTarPerm extractEntry bin/typescript.js
66 silly gunzTarPerm modified mode [ 'bin/typescript.js', 438, 420 ]
67 silly gunzTarPerm extractEntry bin/lib.d.ts
68 silly gunzTarPerm modified mode [ 'bin/lib.d.ts', 438, 420 ]
69 silly gunzTarPerm extractEntry bin/tsc
70 silly gunzTarPerm modified mode [ 'bin/tsc', 438, 420 ]
71 silly gunzTarPerm extractEntry CopyrightNotice.txt
72 silly gunzTarPerm modified mode [ 'CopyrightNotice.txt', 438, 420 ]
73 silly gunzTarPerm extractEntry LICENSE.txt
74 silly gunzTarPerm modified mode [ 'LICENSE.txt', 438, 420 ]
75 silly gunzTarPerm extractEntry README.txt
76 silly gunzTarPerm modified mode [ 'README.txt', 438, 420 ]
77 silly gunzTarPerm extractEntry ThirdPartyNoticeText.txt
78 silly gunzTarPerm modified mode [ 'ThirdPartyNoticeText.txt', 438, 420 ]
79 verbose read json /var/folders/q1/h16prn1525l3hzgyxqx9nwt00000gn/T/npm-39465/1371692520050-0.6555955393705517/package/package.json
80 silly lockFile 37bef018-20050-0-6555955393705517-package /var/folders/q1/h16prn1525l3hzgyxqx9nwt00000gn/T/npm-39465/1371692520050-0.6555955393705517/package
81 verbose from cache /var/folders/q1/h16prn1525l3hzgyxqx9nwt00000gn/T/npm-39465/1371692520050-0.6555955393705517/package/package.json
82 verbose tar pack [ '/Users/stimms/.npm/typescript/0.9.0/package.tgz',
82 verbose tar pack   '/var/folders/q1/h16prn1525l3hzgyxqx9nwt00000gn/T/npm-39465/1371692520050-0.6555955393705517/package' ]
83 verbose tarball /Users/stimms/.npm/typescript/0.9.0/package.tgz
84 verbose folder /var/folders/q1/h16prn1525l3hzgyxqx9nwt00000gn/T/npm-39465/1371692520050-0.6555955393705517/package
85 silly lockFile eef094b9-npm-typescript-0-9-0-package-tgz /Users/stimms/.npm/typescript/0.9.0/package.tgz
86 verbose lock /Users/stimms/.npm/typescript/0.9.0/package.tgz /Users/stimms/.npm/eef094b9-npm-typescript-0-9-0-package-tgz.lock
87 silly lockFile eef094b9-npm-typescript-0-9-0-package-tgz /Users/stimms/.npm/typescript/0.9.0/package.tgz
88 silly lockFile 731b420c-mms-npm-typescript-0-9-0-package /Users/stimms/.npm/typescript/0.9.0/package
89 verbose lock /Users/stimms/.npm/typescript/0.9.0/package /Users/stimms/.npm/731b420c-mms-npm-typescript-0-9-0-package.lock
90 silly lockFile 731b420c-mms-npm-typescript-0-9-0-package /Users/stimms/.npm/typescript/0.9.0/package
91 verbose tar unpack /Users/stimms/.npm/typescript/0.9.0/package.tgz
92 silly lockFile 731b420c-mms-npm-typescript-0-9-0-package /Users/stimms/.npm/typescript/0.9.0/package
93 verbose lock /Users/stimms/.npm/typescript/0.9.0/package /Users/stimms/.npm/731b420c-mms-npm-typescript-0-9-0-package.lock
94 silly gunzTarPerm modes [ '755', '644' ]
95 silly gunzTarPerm extractEntry package.json
96 silly gunzTarPerm extractEntry .npmignore
97 silly gunzTarPerm extractEntry bin/tsc.js
98 silly gunzTarPerm extractEntry bin/typescript.js
99 silly gunzTarPerm extractEntry bin/lib.d.ts
100 silly gunzTarPerm extractEntry bin/tsc
101 silly gunzTarPerm extractEntry CopyrightNotice.txt
102 silly gunzTarPerm extractEntry LICENSE.txt
103 silly gunzTarPerm extractEntry README.txt
104 silly gunzTarPerm extractEntry ThirdPartyNoticeText.txt
105 verbose read json /Users/stimms/.npm/typescript/0.9.0/package/package.json
106 silly lockFile 731b420c-mms-npm-typescript-0-9-0-package /Users/stimms/.npm/typescript/0.9.0/package
107 silly shasum updated bytes 40960
108 silly shasum updated bytes 40960
109 silly shasum updated bytes 40960
110 silly shasum updated bytes 40960
111 silly shasum updated bytes 40960
112 silly shasum updated bytes 40960
113 silly shasum updated bytes 40960
114 silly shasum updated bytes 40960
115 silly shasum updated bytes 40960
116 silly shasum updated bytes 40960
117 silly shasum updated bytes 40960
118 silly shasum updated bytes 40960
119 silly shasum updated bytes 40960
120 silly shasum updated bytes 40960
121 silly shasum updated bytes 40960
122 silly shasum updated bytes 5885
123 info shasum 134fac6d811c80916dc5dc29866ccd85a7568e03
123 info shasum /Users/stimms/.npm/typescript/0.9.0/package.tgz
124 verbose from cache /Users/stimms/.npm/typescript/0.9.0/package/package.json
125 verbose chmod /Users/stimms/.npm/typescript/0.9.0/package.tgz 644
126 verbose chown /Users/stimms/.npm/typescript/0.9.0/package.tgz [ 501, 20 ]
127 silly lockFile b9c0ab15--typescript-typescript-0-9-0-tgz https://registry.npmjs.org/typescript/-/typescript-0.9.0.tgz
128 silly lockFile cfbf6304-typescript-0-9-0 typescript@0.9.0
129 silly lockFile b598c0ef-typescript typescript@
130 silly resolved [ { name: 'typescript',
130 silly resolved     author: { name: 'Microsoft Corp.' },
130 silly resolved     homepage: 'http://typescriptlang.org/',
130 silly resolved     version: '0.9.0',
130 silly resolved     licenses: [ [Object] ],
130 silly resolved     description: 'TypeScript is a language for application scale JavaScript development',
130 silly resolved     keywords: [ 'TypeScript', 'Microsoft', 'compiler', 'language', 'javascript' ],
130 silly resolved     bugs: { url: 'http://typescript.codeplex.com/workitem/list/basic' },
130 silly resolved     repository: { type: 'git', url: 'https://git01.codeplex.com/typescript' },
130 silly resolved     preferGlobal: true,
130 silly resolved     main: './bin/typescript.js',
130 silly resolved     bin: { tsc: './bin/tsc' },
130 silly resolved     engines: { node: '>=0.8.0' },
130 silly resolved     devDependencies: { jake: 'latest' },
130 silly resolved     readme: '# TypeScript\r\n\r\nScalable JavaScript development with types, classes and modules.\r\n\r\n## Install\r\n\r\n  npm install -g typescript\r\n\r\n## Usage\r\n\r\n  tsc hello.ts\r\n  \r\n\r\n## Build\r\n\r\n1.  Install Node if you haven\'t already (http://nodejs.org/)\r\n2.  Install Jake, the tool we use to build our compiler (https://github.com/mde/jake). To do this, run "npm install -g jake".\r\n3.  To use jake, run one of the following commands: \r\n    - jake local - This builds the compiler. The output is in built/local in the public directory \r\n    - jake clean - deletes the build compiler \r\n    - jake LKG - This replaces the LKG (last known good) version of the compiler with the built one.\r\n        - This is a bootstrapping step to be executed whenever the built compiler reaches a stable state.\r\n    - jake tests - This builds the test infrastructure, using the built compiler. \r\n    - jake runtests - This runs the tests, using the built compiler and built test infrastructure. \r\n        - You can also override the host or specify a test for this command. Use host=<hostName> or tests=<testPath>. \r\n    - jake baseline-accept - This replaces the baseline test results with the results obtained from jake runtests. \r\n    - jake -T lists the above commands. \r\n',
130 silly resolved     readmeFilename: 'README.txt',
130 silly resolved     _id: 'typescript@0.9.0',
130 silly resolved     dist: { shasum: '134fac6d811c80916dc5dc29866ccd85a7568e03' },
130 silly resolved     _from: 'typescript' } ]
131 info install typescript@0.9.0 into /usr/local/lib
132 info installOne typescript@0.9.0
133 verbose from cache /Users/stimms/.npm/typescript/0.9.0/package/package.json
134 info /usr/local/lib/node_modules/typescript unbuild
135 verbose read json /usr/local/lib/node_modules/typescript/package.json
136 info preuninstall typescript@0.8.1-1
137 info uninstall typescript@0.8.1-1
138 verbose true,/usr/local/lib/node_modules,/usr/local/lib/node_modules unbuild typescript@0.8.1-1
139 verbose /usr/local/bin,[object Object] binRoot
140 info postuninstall typescript@0.8.1-1
141 info /usr/local/lib/node_modules/typescript unbuild
142 verbose read json /usr/local/lib/node_modules/typescript/package.json
143 info preuninstall typescript@0.8.1-1
144 info uninstall typescript@0.8.1-1
145 verbose true,/usr/local/lib/node_modules,/usr/local/lib/node_modules unbuild typescript@0.8.1-1
146 verbose /usr/local/bin,[object Object] binRoot
147 info postuninstall typescript@0.8.1-1
148 error error rolling back Error: EACCES, unlink '/usr/local/lib/node_modules/typescript'
148 error error rolling back  typescript@0.9.0 { [Error: EACCES, unlink '/usr/local/lib/node_modules/typescript']
148 error error rolling back   errno: 3,
148 error error rolling back   code: 'EACCES',
148 error error rolling back   path: '/usr/local/lib/node_modules/typescript' }
149 error Error: EACCES, unlink '/usr/local/lib/node_modules/typescript'
149 error  { [Error: EACCES, unlink '/usr/local/lib/node_modules/typescript']
149 error   errno: 3,
149 error   code: 'EACCES',
149 error   path: '/usr/local/lib/node_modules/typescript' }
150 error Please try running this command again as root/Administrator.
151 error System Darwin 12.2.1
152 error command "node" "/usr/local/bin/npm" "install" "typescript" "-g"
153 error cwd /Users/stimms/Projects/gonboozle
154 error node -v v0.8.17
155 error npm -v 1.2.0
156 error path /usr/local/lib/node_modules/typescript
157 error code EACCES
158 error errno 3
159 error stack Error: EACCES, unlink '/usr/local/lib/node_modules/typescript'
160 verbose exit [ 3, true ]
